<?xml version="1.0" encoding="UTF-8"?>
<!-- Generated by org.testng.reporters.JUnitXMLReporter -->
<testsuite hostname="ATMECSINLT-473" ignored="0" name="TutorialsNinja" tests="1" failures="1" timestamp="2019-11-08T13:20:44 IST" time="34.773" errors="0">
  <testcase name="validateHomepage" time="30.148" classname="com.tutorialsninja.testscript.AutomateTutorialsNinja">
    <failure type="java.lang.NullPointerException">
      <![CDATA[java.lang.NullPointerException
at com.tutorialsninja.helper.Helper.clickElement(Helper.java:52)
at com.tutorialsninja.testscript.AutomateTutorialsNinja.validateHomepage(AutomateTutorialsNinja.java:18)
at java.util.ArrayList.forEach(ArrayList.java:1257)
... Removed 28 stack frames]]>
    </failure>
  </testcase> <!-- validateHomepage -->
</testsuite> <!-- TutorialsNinja -->
